<?xml version="1.0" encoding="UTF-8"?>
<testng-results skipped="0" failed="0" total="2" passed="2">
  <reporter-output>
  </reporter-output>
  <suite name="Suite" duration-ms="54285" started-at="2018-09-08T09:02:11Z" finished-at="2018-09-08T09:03:05Z">
    <groups>
    </groups>
    <test name="Test1" duration-ms="27673" started-at="2018-09-08T09:02:11Z" finished-at="2018-09-08T09:02:38Z">
      <class name="testNG.EmpReg_TestNG">
        <test-method status="PASS" signature="Org_Login()[pri:0, instance:testNG.EmpReg_TestNG@4439f31e]" name="Org_Login" is-config="true" duration-ms="4821" started-at="2018-09-08T14:32:11Z" finished-at="2018-09-08T14:32:15Z">
          <reporter-output>
          </reporter-output>
        </test-method> <!-- Org_Login -->
        <test-method status="PASS" signature="Empreg()[pri:0, instance:testNG.EmpReg_TestNG@4439f31e]" name="Empreg" duration-ms="16494" started-at="2018-09-08T14:32:15Z" finished-at="2018-09-08T14:32:32Z">
          <reporter-output>
          </reporter-output>
        </test-method> <!-- Empreg -->
        <test-method status="PASS" signature="Org_Logout()[pri:0, instance:testNG.EmpReg_TestNG@4439f31e]" name="Org_Logout" is-config="true" duration-ms="6307" started-at="2018-09-08T14:32:32Z" finished-at="2018-09-08T14:32:38Z">
          <reporter-output>
          </reporter-output>
        </test-method> <!-- Org_Logout -->
      </class> <!-- testNG.EmpReg_TestNG -->
    </test> <!-- Test1 -->
    <test name="Test2" duration-ms="26519" started-at="2018-09-08T09:02:38Z" finished-at="2018-09-08T09:03:05Z">
      <class name="testNG.UserReg_TestNG">
        <test-method status="PASS" signature="Org_launch()[pri:0, instance:testNG.UserReg_TestNG@2a5ca609]" name="Org_launch" is-config="true" duration-ms="29915" started-at="2018-09-08T14:31:41Z" finished-at="2018-09-08T14:32:11Z">
          <reporter-output>
          </reporter-output>
        </test-method> <!-- Org_launch -->
        <test-method status="PASS" signature="Org_Login()[pri:0, instance:testNG.UserReg_TestNG@2a5ca609]" name="Org_Login" is-config="true" duration-ms="3447" started-at="2018-09-08T14:32:38Z" finished-at="2018-09-08T14:32:42Z">
          <reporter-output>
          </reporter-output>
        </test-method> <!-- Org_Login -->
        <test-method status="PASS" signature="Userreg()[pri:0, instance:testNG.UserReg_TestNG@2a5ca609]" name="Userreg" duration-ms="17191" started-at="2018-09-08T14:32:42Z" finished-at="2018-09-08T14:32:59Z">
          <reporter-output>
          </reporter-output>
        </test-method> <!-- Userreg -->
        <test-method status="PASS" signature="Org_Logout()[pri:0, instance:testNG.UserReg_TestNG@2a5ca609]" name="Org_Logout" is-config="true" duration-ms="5864" started-at="2018-09-08T14:32:59Z" finished-at="2018-09-08T14:33:05Z">
          <reporter-output>
          </reporter-output>
        </test-method> <!-- Org_Logout -->
        <test-method status="PASS" signature="Org_Close()[pri:0, instance:testNG.UserReg_TestNG@2a5ca609]" name="Org_Close" is-config="true" duration-ms="47" started-at="2018-09-08T14:33:05Z" finished-at="2018-09-08T14:33:05Z">
          <reporter-output>
          </reporter-output>
        </test-method> <!-- Org_Close -->
      </class> <!-- testNG.UserReg_TestNG -->
    </test> <!-- Test2 -->
  </suite> <!-- Suite -->
</testng-results>
